<?xml version="1.0" encoding="UTF-8" ?>
<testsuite tests="44" failures="0" name="uk.ac.ed.inf.AppTest" time="6.814" errors="0" skipped="0">
  <properties>
[...]
</properties>
  <testcase classname="uk.ac.ed.inf.AppTest" name="testDerbyGetOrdersForDay" time="0.359"/>
  <testcase classname="uk.ac.ed.inf.AppTest" name="testGetFeatureCollectionFromOrderDetailsA" time="0.046"/>
  <testcase classname="uk.ac.ed.inf.AppTest" name="testGetFeatureCollectionFromOrderDetailsB" time="0.015"/>
  <testcase classname="uk.ac.ed.inf.AppTest" name="testGetW3WFromOrderDetailsA" time="0.016"/>
  <testcase classname="uk.ac.ed.inf.AppTest" name="testGetW3WFromOrderDetailsB" time="0.016"/>
  <testcase classname="uk.ac.ed.inf.AppTest" name="testGetUniqueDropOffPoints" time="0.015"/>
  <testcase classname="uk.ac.ed.inf.AppTest" name="testTotalMonetaryValueForDay" time="0.032"/>
  <testcase classname="uk.ac.ed.inf.AppTest" name="testCloseToFalse" time="0"/>
  <testcase classname="uk.ac.ed.inf.AppTest" name="testOrdersPractice" time="0"/>
  <testcase classname="uk.ac.ed.inf.AppTest" name="testAngle20" time="0"/>
  <testcase classname="uk.ac.ed.inf.AppTest" name="testAngle50" time="0"/>
  <testcase classname="uk.ac.ed.inf.AppTest" name="testAngle90" time="0"/>
  <testcase classname="uk.ac.ed.inf.AppTest" name="testRoute" time="0.161"/>
  <testcase classname="uk.ac.ed.inf.AppTest" name="testPopulateOrdersList" time="0.11"/>
  <testcase classname="uk.ac.ed.inf.AppTest" name="testCloseToTrue" time="0"/>
  <testcase classname="uk.ac.ed.inf.AppTest" name="testlongLatListToFC" time="0"/>
  <testcase classname="uk.ac.ed.inf.AppTest" name="testMenusFourA" time="0.015"/>
  <testcase classname="uk.ac.ed.inf.AppTest" name="testMenusFourB" time="0"/>
  <testcase classname="uk.ac.ed.inf.AppTest" name="testMenusThree" time="0.016"/>
  <testcase classname="uk.ac.ed.inf.AppTest" name="testAngle140" time="0"/>
  <testcase classname="uk.ac.ed.inf.AppTest" name="testAngle190" time="0"/>
  <testcase classname="uk.ac.ed.inf.AppTest" name="testAngle260" time="0"/>
  <testcase classname="uk.ac.ed.inf.AppTest" name="testAngle300" time="0"/>
  <testcase classname="uk.ac.ed.inf.AppTest" name="testAngle350" time="0"/>
  <testcase classname="uk.ac.ed.inf.AppTest" name="testAngle999" time="0"/>
  <testcase classname="uk.ac.ed.inf.AppTest" name="testAngleToA" time="0"/>
  <testcase classname="uk.ac.ed.inf.AppTest" name="testAngleToB" time="0"/>
  <testcase classname="uk.ac.ed.inf.AppTest" name="testGetRouteForDay" time="5.873"/>
  <testcase classname="uk.ac.ed.inf.AppTest" name="testMenusOne" time="0"/>
  <testcase classname="uk.ac.ed.inf.AppTest" name="testMenusTwo" time="0"/>
  <testcase classname="uk.ac.ed.inf.AppTest" name="testLineLineIntersectFalse" time="0"/>
  <testcase classname="uk.ac.ed.inf.AppTest" name="testLineLineIntersectTrueA" time="0"/>
  <testcase classname="uk.ac.ed.inf.AppTest" name="testLineLineIntersectTrueB" time="0.016"/>
  <testcase classname="uk.ac.ed.inf.AppTest" name="testLineLineIntersectTrueC" time="0"/>
  <testcase classname="uk.ac.ed.inf.AppTest" name="testLineLineIntersectfalse" time="0"/>
  <testcase classname="uk.ac.ed.inf.AppTest" name="testRouteAvoidConfinementZome" time="0.077"/>
  <testcase classname="uk.ac.ed.inf.AppTest" name="testGetAllW3W" time="0"/>
  <testcase classname="uk.ac.ed.inf.AppTest" name="testAngle0" time="0"/>
  <testcase classname="uk.ac.ed.inf.AppTest" name="testIsConfinedFalse" time="0"/>
  <testcase classname="uk.ac.ed.inf.AppTest" name="testIsConfinedTrueA" time="0"/>
  <testcase classname="uk.ac.ed.inf.AppTest" name="testIsConfinedTrueB" time="0"/>
  <testcase classname="uk.ac.ed.inf.AppTest" name="testDistanceTo" time="0"/>
  <testcase classname="uk.ac.ed.inf.AppTest" name="testGetRouteForOrder" time="0.031"/>
  <testcase classname="uk.ac.ed.inf.AppTest" name="testDerbyGetOrderDetailsForOrder" time="0.016"/>
</testsuite>